2025-11-18 11:20:42,478 INFO app Adaptive Honeypot starting
2025-11-18 11:20:42,480 INFO app Starting Adaptive Honeypot HTTP server
2025-11-18 11:20:42,564 INFO werkzeug [31m[1mWARNING: This is a development server. Do not use it in a production deployment. Use a production WSGI server instead.[0m
 * Running on all addresses (0.0.0.0)
 * Running on http://127.0.0.1:5000
 * Running on http://172.28.165.45:5000
2025-11-18 11:20:42,565 INFO werkzeug [33mPress CTRL+C to quit[0m
2025-11-18 11:20:57,496 INFO werkzeug 127.0.0.1 - - [18/Nov/2025 11:20:57] "POST /simulate_traffic HTTP/1.1" 200 -
2025-11-18 11:21:38,435 INFO werkzeug 127.0.0.1 - - [18/Nov/2025 11:21:38] "[31m[1mPOST /reload_models HTTP/1.1[0m" 401 -
2025-11-18 11:22:01,392 INFO app Models reloaded via API
2025-11-18 11:22:01,392 INFO werkzeug 127.0.0.1 - - [18/Nov/2025 11:22:01] "POST /reload_models?token=supersecuretoken HTTP/1.1" 200 -
2025-11-18 11:22:13,506 INFO werkzeug 127.0.0.1 - - [18/Nov/2025 11:22:13] "GET /debug/status HTTP/1.1" 200 -
2025-11-18 11:23:08,260 INFO werkzeug 127.0.0.1 - - [18/Nov/2025 11:23:08] "[31m[1mPOST /reload_models HTTP/1.1[0m" 401 -
2025-11-18 11:23:23,243 INFO werkzeug 127.0.0.1 - - [18/Nov/2025 11:23:23] "[31m[1mPOST /reload_models?token=supersecretlocaltoken HTTP/1.1[0m" 401 -
2025-11-18 11:23:34,585 INFO werkzeug 127.0.0.1 - - [18/Nov/2025 11:23:34] "[31m[1mPOST /reload_models?token=supersecretlocaltoken HTTP/1.1[0m" 401 -
2025-11-18 11:27:05,927 INFO app Adaptive Honeypot starting
2025-11-18 11:27:05,932 INFO app Starting Adaptive Honeypot HTTP server
2025-11-18 11:27:06,024 INFO werkzeug [31m[1mWARNING: This is a development server. Do not use it in a production deployment. Use a production WSGI server instead.[0m
 * Running on all addresses (0.0.0.0)
 * Running on http://127.0.0.1:5000
 * Running on http://172.28.165.45:5000
2025-11-18 11:27:06,025 INFO werkzeug [33mPress CTRL+C to quit[0m
2025-11-18 11:28:29,812 INFO app Adaptive Honeypot starting
2025-11-18 11:28:29,816 INFO app Starting Adaptive Honeypot HTTP server
2025-11-18 11:28:29,834 INFO werkzeug [31m[1mWARNING: This is a development server. Do not use it in a production deployment. Use a production WSGI server instead.[0m
 * Running on all addresses (0.0.0.0)
 * Running on http://127.0.0.1:5000
 * Running on http://172.28.165.45:5000
2025-11-18 11:28:29,835 INFO werkzeug [33mPress CTRL+C to quit[0m
2025-11-18 11:29:18,830 INFO app Adaptive Honeypot starting
2025-11-18 11:29:18,834 INFO app Starting Adaptive Honeypot HTTP server
2025-11-18 11:29:18,848 INFO werkzeug [31m[1mWARNING: This is a development server. Do not use it in a production deployment. Use a production WSGI server instead.[0m
 * Running on all addresses (0.0.0.0)
 * Running on http://127.0.0.1:5000
 * Running on http://172.28.165.45:5000
2025-11-18 11:29:18,849 INFO werkzeug [33mPress CTRL+C to quit[0m
2025-11-18 11:29:28,337 INFO app Models reloaded via API
2025-11-18 11:29:28,338 INFO werkzeug 127.0.0.1 - - [18/Nov/2025 11:29:28] "POST /reload_models HTTP/1.1" 200 -
2025-11-18 11:29:40,452 INFO app Models reloaded via API
2025-11-18 11:29:40,453 INFO werkzeug 127.0.0.1 - - [18/Nov/2025 11:29:40] "POST /reload_models?token=supersecretlocaltoken HTTP/1.1" 200 -
2025-11-18 11:30:13,287 INFO werkzeug 127.0.0.1 - - [18/Nov/2025 11:30:13] "[31m[1mPOST /reload_models HTTP/1.1[0m" 401 -
2025-11-18 11:30:20,395 INFO app Models reloaded via API
2025-11-18 11:30:20,396 INFO werkzeug 127.0.0.1 - - [18/Nov/2025 11:30:20] "POST /reload_models?token=supersecretlocaltoken HTTP/1.1" 200 -
2025-11-18 11:30:45,710 INFO app Models reloaded via API
2025-11-18 11:30:45,710 INFO werkzeug 127.0.0.1 - - [18/Nov/2025 11:30:45] "POST /reload_models HTTP/1.1" 200 -
2025-11-18 11:31:56,099 INFO werkzeug 127.0.0.1 - - [18/Nov/2025 11:31:56] "GET /config HTTP/1.1" 200 -
2025-11-18 11:31:56,213 INFO werkzeug 127.0.0.1 - - [18/Nov/2025 11:31:56] "POST /simulate_traffic HTTP/1.1" 200 -
2025-11-18 11:31:56,219 INFO werkzeug 127.0.0.1 - - [18/Nov/2025 11:31:56] "POST /simulate_traffic HTTP/1.1" 200 -
2025-11-18 11:31:56,232 INFO app Honeypot toggled
2025-11-18 11:31:56,233 INFO werkzeug 127.0.0.1 - - [18/Nov/2025 11:31:56] "POST /toggle_honeypot HTTP/1.1" 200 -
2025-11-18 11:31:56,239 INFO werkzeug 127.0.0.1 - - [18/Nov/2025 11:31:56] "POST /simulate_traffic HTTP/1.1" 200 -
2025-11-18 11:31:56,245 INFO app Honeypot toggled
2025-11-18 11:31:56,246 INFO werkzeug 127.0.0.1 - - [18/Nov/2025 11:31:56] "POST /toggle_honeypot HTTP/1.1" 200 -
2025-11-18 11:31:56,293 INFO werkzeug 127.0.0.1 - - [18/Nov/2025 11:31:56] "POST /simulate_traffic HTTP/1.1" 200 -
2025-11-18 11:59:09,878 INFO app Adaptive Honeypot starting
2025-11-18 11:59:09,881 INFO app Starting Adaptive Honeypot HTTP server
2025-11-18 11:59:09,898 INFO werkzeug [31m[1mWARNING: This is a development server. Do not use it in a production deployment. Use a production WSGI server instead.[0m
 * Running on all addresses (0.0.0.0)
 * Running on http://127.0.0.1:5000
 * Running on http://172.28.165.45:5000
2025-11-18 11:59:09,899 INFO werkzeug [33mPress CTRL+C to quit[0m
2025-11-18 11:59:27,068 INFO werkzeug 127.0.0.1 - - [18/Nov/2025 11:59:27] "POST /simulate_traffic HTTP/1.1" 200 -
2025-11-18 11:59:27,327 INFO werkzeug 127.0.0.1 - - [18/Nov/2025 11:59:27] "POST /simulate_traffic HTTP/1.1" 200 -
2025-11-18 11:59:27,576 INFO werkzeug 127.0.0.1 - - [18/Nov/2025 11:59:27] "POST /simulate_traffic HTTP/1.1" 200 -
2025-11-18 11:59:27,825 INFO werkzeug 127.0.0.1 - - [18/Nov/2025 11:59:27] "POST /simulate_traffic HTTP/1.1" 200 -
2025-11-18 11:59:28,086 INFO werkzeug 127.0.0.1 - - [18/Nov/2025 11:59:28] "POST /simulate_traffic HTTP/1.1" 200 -
2025-11-18 11:59:28,326 INFO werkzeug 127.0.0.1 - - [18/Nov/2025 11:59:28] "POST /simulate_traffic HTTP/1.1" 200 -
2025-11-18 11:59:28,588 INFO werkzeug 127.0.0.1 - - [18/Nov/2025 11:59:28] "POST /simulate_traffic HTTP/1.1" 200 -
2025-11-18 11:59:28,839 INFO werkzeug 127.0.0.1 - - [18/Nov/2025 11:59:28] "POST /simulate_traffic HTTP/1.1" 200 -
2025-11-18 12:32:02,871 INFO app Adaptive Honeypot starting
2025-11-18 12:32:02,874 INFO app Starting Adaptive Honeypot HTTP server
2025-11-18 12:32:02,982 INFO werkzeug [31m[1mWARNING: This is a development server. Do not use it in a production deployment. Use a production WSGI server instead.[0m
 * Running on all addresses (0.0.0.0)
 * Running on http://127.0.0.1:5000
 * Running on http://172.28.165.45:5000
2025-11-18 12:32:02,982 INFO werkzeug [33mPress CTRL+C to quit[0m
2025-11-18 12:33:47,104 INFO werkzeug 127.0.0.1 - - [18/Nov/2025 12:33:47] "[31m[1mGET /debug/status HTTP/1.1[0m" 401 -
2025-11-18 12:36:36,867 INFO werkzeug 127.0.0.1 - - [18/Nov/2025 12:36:36] "GET /debug/status HTTP/1.1" 200 -
2025-11-18 12:42:06,283 INFO app Adaptive Honeypot starting
2025-11-18 12:42:06,287 INFO app Starting Adaptive Honeypot HTTP server
2025-11-18 12:42:06,301 INFO werkzeug [31m[1mWARNING: This is a development server. Do not use it in a production deployment. Use a production WSGI server instead.[0m
 * Running on all addresses (0.0.0.0)
 * Running on http://127.0.0.1:5000
 * Running on http://172.28.165.45:5000
2025-11-18 12:42:06,302 INFO werkzeug [33mPress CTRL+C to quit[0m
2025-11-18 12:47:08,016 INFO werkzeug 127.0.0.1 - - [18/Nov/2025 12:47:08] "GET /debug/status HTTP/1.1" 200 -
2025-11-18 12:47:49,010 INFO app Adaptive Honeypot starting
2025-11-18 12:47:49,014 INFO app Starting Adaptive Honeypot HTTP server
2025-11-18 12:47:49,033 INFO werkzeug [31m[1mWARNING: This is a development server. Do not use it in a production deployment. Use a production WSGI server instead.[0m
 * Running on all addresses (0.0.0.0)
 * Running on http://127.0.0.1:5000
 * Running on http://172.28.165.45:5000
2025-11-18 12:47:49,034 INFO werkzeug [33mPress CTRL+C to quit[0m
2025-11-18 15:38:26,971 INFO app Adaptive Honeypot starting
2025-11-18 15:38:26,974 INFO app Starting Adaptive Honeypot HTTP server
2025-11-18 15:38:26,990 INFO werkzeug [31m[1mWARNING: This is a development server. Do not use it in a production deployment. Use a production WSGI server instead.[0m
 * Running on all addresses (0.0.0.0)
 * Running on http://127.0.0.1:5000
 * Running on http://172.28.165.45:5000
2025-11-18 15:38:26,990 INFO werkzeug [33mPress CTRL+C to quit[0m
2025-11-18 15:47:45,604 INFO app Adaptive Honeypot starting
2025-11-18 15:47:45,606 INFO app Starting Adaptive Honeypot HTTP server
2025-11-18 15:47:45,619 INFO werkzeug [31m[1mWARNING: This is a development server. Do not use it in a production deployment. Use a production WSGI server instead.[0m
 * Running on all addresses (0.0.0.0)
 * Running on http://127.0.0.1:5000
 * Running on http://172.28.165.45:5000
2025-11-18 15:47:45,619 INFO werkzeug [33mPress CTRL+C to quit[0m
2025-11-18 16:09:16,641 INFO app Adaptive Honeypot starting
2025-11-18 16:09:16,644 INFO app Starting Adaptive Honeypot HTTP server
2025-11-18 16:09:16,656 INFO werkzeug [31m[1mWARNING: This is a development server. Do not use it in a production deployment. Use a production WSGI server instead.[0m
 * Running on all addresses (0.0.0.0)
 * Running on http://127.0.0.1:5000
 * Running on http://172.28.165.45:5000
2025-11-18 16:09:16,656 INFO werkzeug [33mPress CTRL+C to quit[0m
2025-11-18 16:14:30,438 INFO app Adaptive Honeypot starting
2025-11-18 16:14:30,441 INFO app Starting Adaptive Honeypot HTTP server
2025-11-18 16:14:30,461 INFO werkzeug [31m[1mWARNING: This is a development server. Do not use it in a production deployment. Use a production WSGI server instead.[0m
 * Running on all addresses (0.0.0.0)
 * Running on http://127.0.0.1:5000
 * Running on http://172.28.165.45:5000
2025-11-18 16:14:30,462 INFO werkzeug [33mPress CTRL+C to quit[0m
2025-11-18 10:46:13,195 INFO app Adaptive Honeypot starting
2025-11-18 10:46:13,198 INFO app Starting Adaptive Honeypot HTTP server
2025-11-18 10:46:13,202 INFO werkzeug [31m[1mWARNING: This is a development server. Do not use it in a production deployment. Use a production WSGI server instead.[0m
 * Running on all addresses (0.0.0.0)
 * Running on http://127.0.0.1:5000
 * Running on http://172.18.0.3:5000
2025-11-18 10:46:13,204 INFO werkzeug [33mPress CTRL+C to quit[0m
2025-11-18 16:16:46,443 INFO werkzeug 127.0.0.1 - - [18/Nov/2025 16:16:46] "GET /debug/status?token=supersecretlocaltoken HTTP/1.1" 200 -
2025-11-18 16:22:50,082 INFO werkzeug 127.0.0.1 - - [18/Nov/2025 16:22:50] "GET /debug/status?token=supersecretlocaltoken HTTP/1.1" 200 -
2025-11-18 16:22:59,232 INFO werkzeug 127.0.0.1 - - [18/Nov/2025 16:22:59] "POST /simulate_traffic HTTP/1.1" 200 -
2025-11-18 16:23:07,979 INFO werkzeug 127.0.0.1 - - [18/Nov/2025 16:23:07] "POST /simulate_traffic HTTP/1.1" 200 -
2025-11-21 14:33:01,786 INFO app Adaptive Honeypot starting
2025-11-21 14:33:01,788 INFO app Starting Adaptive Honeypot HTTP server
2025-11-21 14:33:01,808 INFO werkzeug [31m[1mWARNING: This is a development server. Do not use it in a production deployment. Use a production WSGI server instead.[0m
 * Running on all addresses (0.0.0.0)
 * Running on http://127.0.0.1:5000
 * Running on http://192.168.1.13:5000
2025-11-21 14:33:01,809 INFO werkzeug [33mPress CTRL+C to quit[0m
2025-11-21 13:16:29,011 INFO backend.app Adaptive Honeypot starting
2025-11-21 13:16:29,211 INFO backend.app Adaptive Honeypot starting
2025-11-21 13:16:29,465 INFO backend.app Adaptive Honeypot starting
2025-11-21 13:16:29,842 INFO backend.app Adaptive Honeypot starting
2025-11-21 13:16:29,956 INFO backend.app Adaptive Honeypot starting
2025-11-21 13:16:30,046 INFO backend.app Adaptive Honeypot starting
2025-11-21 13:16:30,214 INFO backend.app Adaptive Honeypot starting
2025-11-21 13:16:30,307 INFO backend.app Adaptive Honeypot starting
2025-11-21 13:16:30,387 INFO backend.app Adaptive Honeypot starting
2025-11-21 13:16:30,515 INFO backend.app Adaptive Honeypot starting
2025-11-21 13:16:30,515 INFO backend.app Adaptive Honeypot starting
2025-11-21 13:16:30,618 INFO backend.app Adaptive Honeypot starting
2025-11-21 13:16:30,618 INFO backend.app Adaptive Honeypot starting
2025-11-21 13:16:30,665 INFO backend.app Adaptive Honeypot starting
2025-11-21 13:16:30,700 INFO backend.app Adaptive Honeypot starting
2025-11-21 13:16:30,700 INFO backend.app Adaptive Honeypot starting
2025-11-21 13:16:30,786 INFO backend.app Adaptive Honeypot starting
2025-11-21 13:20:58,990 INFO backend.app Adaptive Honeypot starting
2025-11-21 13:20:59,110 INFO backend.app Adaptive Honeypot starting
2025-11-21 13:20:59,178 INFO backend.app Adaptive Honeypot starting
2025-11-21 13:20:59,528 INFO backend.app Adaptive Honeypot starting
2025-11-21 13:21:00,066 INFO backend.app Adaptive Honeypot starting
2025-11-21 13:21:00,259 INFO backend.app Adaptive Honeypot starting
2025-11-21 13:21:00,260 INFO backend.app Adaptive Honeypot starting
2025-11-21 13:21:00,373 INFO backend.app Adaptive Honeypot starting
2025-11-21 13:21:00,451 INFO backend.app Adaptive Honeypot starting
2025-11-21 13:21:00,451 INFO backend.app Adaptive Honeypot starting
2025-11-21 13:21:00,484 INFO backend.app Adaptive Honeypot starting
2025-11-21 13:21:00,484 INFO backend.app Adaptive Honeypot starting
2025-11-21 13:21:00,484 INFO backend.app Adaptive Honeypot starting
2025-11-21 13:21:00,485 INFO backend.app Adaptive Honeypot starting
2025-11-21 13:21:00,527 INFO backend.app Adaptive Honeypot starting
2025-11-21 13:21:00,557 INFO backend.app Adaptive Honeypot starting
2025-11-21 13:21:00,557 INFO backend.app Adaptive Honeypot starting
2025-11-21 13:36:46,258 INFO backend.app Adaptive Honeypot starting
2025-11-21 13:36:46,294 INFO backend.app Adaptive Honeypot starting
2025-11-21 13:36:46,294 INFO backend.app Adaptive Honeypot starting
2025-11-21 13:36:46,303 INFO backend.app Adaptive Honeypot starting
2025-11-21 13:36:46,371 INFO backend.app Adaptive Honeypot starting
2025-11-21 13:36:46,475 INFO backend.app Adaptive Honeypot starting
2025-11-21 13:36:46,647 INFO backend.app Adaptive Honeypot starting
2025-11-21 13:36:46,718 INFO backend.app Adaptive Honeypot starting
2025-11-21 13:36:46,850 INFO backend.app Adaptive Honeypot starting
2025-11-21 13:36:46,933 INFO backend.app Adaptive Honeypot starting
2025-11-21 13:36:46,980 INFO backend.app Adaptive Honeypot starting
2025-11-21 13:36:46,980 INFO backend.app Adaptive Honeypot starting
2025-11-21 13:36:47,022 INFO backend.app Adaptive Honeypot starting
2025-11-21 13:36:47,049 INFO backend.app Adaptive Honeypot starting
2025-11-21 13:36:47,049 INFO backend.app Adaptive Honeypot starting
2025-11-21 13:36:47,084 INFO backend.app Adaptive Honeypot starting
2025-11-21 13:36:47,084 INFO backend.app Adaptive Honeypot starting
2025-11-21 13:49:07,764 INFO backend.app Adaptive Honeypot starting
2025-11-21 13:49:07,854 INFO backend.app Adaptive Honeypot starting
2025-11-21 13:49:08,247 INFO backend.app Adaptive Honeypot starting
2025-11-21 13:49:08,332 INFO backend.app Adaptive Honeypot starting
2025-11-21 13:49:08,334 INFO backend.app Adaptive Honeypot starting
2025-11-21 13:49:08,638 INFO backend.app Adaptive Honeypot starting
2025-11-21 13:49:08,999 INFO backend.app Adaptive Honeypot starting
2025-11-21 13:49:09,088 INFO backend.app Adaptive Honeypot starting
2025-11-21 13:49:09,146 INFO backend.app Adaptive Honeypot starting
2025-11-21 13:49:09,245 INFO backend.app Adaptive Honeypot starting
2025-11-21 13:49:09,246 INFO backend.app Adaptive Honeypot starting
2025-11-21 13:49:09,247 INFO backend.app Adaptive Honeypot starting
2025-11-21 13:49:09,309 INFO backend.app Adaptive Honeypot starting
2025-11-21 13:49:09,309 INFO backend.app Adaptive Honeypot starting
2025-11-21 13:49:09,384 INFO backend.app Adaptive Honeypot starting
2025-11-21 13:49:09,384 INFO backend.app Adaptive Honeypot starting
2025-11-21 13:49:09,384 INFO backend.app Adaptive Honeypot starting
2025-11-21 14:03:02,413 INFO backend.app Adaptive Honeypot starting
2025-11-21 14:03:02,449 INFO backend.app Adaptive Honeypot starting
2025-11-21 14:03:02,449 INFO backend.app Adaptive Honeypot starting
2025-11-21 14:03:02,583 INFO backend.app Adaptive Honeypot starting
2025-11-21 14:03:02,627 INFO backend.app Adaptive Honeypot starting
2025-11-21 14:03:02,630 INFO backend.app Adaptive Honeypot starting
2025-11-21 14:03:02,816 INFO backend.app Adaptive Honeypot starting
2025-11-21 14:03:02,849 INFO backend.app Adaptive Honeypot starting
2025-11-21 14:03:02,850 INFO backend.app Adaptive Honeypot starting
2025-11-21 14:03:02,946 INFO backend.app Adaptive Honeypot starting
2025-11-21 14:03:02,946 INFO backend.app Adaptive Honeypot starting
2025-11-21 14:03:02,946 INFO backend.app Adaptive Honeypot starting
2025-11-21 14:03:02,946 INFO backend.app Adaptive Honeypot starting
2025-11-21 14:03:02,946 INFO backend.app Adaptive Honeypot starting
2025-11-21 14:03:02,973 INFO backend.app Adaptive Honeypot starting
2025-11-21 14:03:03,037 INFO backend.app Adaptive Honeypot starting
2025-11-21 14:03:03,037 INFO backend.app Adaptive Honeypot starting
2025-11-21 14:17:36,954 INFO backend.app Adaptive Honeypot starting
2025-11-21 14:17:37,521 INFO backend.app Adaptive Honeypot starting
2025-11-21 14:17:37,813 INFO backend.app Adaptive Honeypot starting
2025-11-21 14:17:38,318 INFO backend.app Adaptive Honeypot starting
2025-11-21 14:17:38,561 INFO backend.app Adaptive Honeypot starting
2025-11-21 14:17:38,634 INFO backend.app Adaptive Honeypot starting
2025-11-21 14:17:38,634 INFO backend.app Adaptive Honeypot starting
2025-11-21 14:17:38,636 INFO backend.app Adaptive Honeypot starting
2025-11-21 14:17:38,813 INFO backend.app Adaptive Honeypot starting
2025-11-21 14:17:38,813 INFO backend.app Adaptive Honeypot starting
2025-11-21 14:17:38,813 INFO backend.app Adaptive Honeypot starting
2025-11-21 14:17:38,813 INFO backend.app Adaptive Honeypot starting
2025-11-21 14:17:38,913 INFO backend.app Adaptive Honeypot starting
2025-11-21 14:17:38,913 INFO backend.app Adaptive Honeypot starting
2025-11-21 14:17:38,914 INFO backend.app Adaptive Honeypot starting
2025-11-21 14:17:38,949 INFO backend.app Adaptive Honeypot starting
2025-11-21 14:17:38,971 INFO backend.app Adaptive Honeypot starting
2025-11-21 16:21:21,831 INFO backend.app Adaptive Honeypot starting
2025-11-21 16:21:21,831 INFO backend.app Adaptive Honeypot starting
2025-11-21 16:21:21,971 INFO backend.app Adaptive Honeypot starting
2025-11-21 16:21:22,253 INFO backend.app Adaptive Honeypot starting
2025-11-21 16:21:22,461 INFO backend.app Adaptive Honeypot starting
2025-11-21 16:21:22,508 INFO backend.app Adaptive Honeypot starting
2025-11-21 16:21:22,508 INFO backend.app Adaptive Honeypot starting
2025-11-21 16:21:22,625 INFO backend.app Adaptive Honeypot starting
2025-11-21 16:21:23,155 INFO backend.app Adaptive Honeypot starting
2025-11-21 16:21:23,190 INFO backend.app Adaptive Honeypot starting
2025-11-21 16:21:23,193 INFO backend.app Adaptive Honeypot starting
2025-11-21 16:21:23,309 INFO backend.app Adaptive Honeypot starting
2025-11-21 16:21:23,309 INFO backend.app Adaptive Honeypot starting
2025-11-21 16:21:23,342 INFO backend.app Adaptive Honeypot starting
2025-11-21 16:21:23,343 INFO backend.app Adaptive Honeypot starting
2025-11-21 16:21:23,429 INFO backend.app Adaptive Honeypot starting
2025-11-21 16:21:23,516 INFO backend.app Adaptive Honeypot starting
2025-11-21 16:44:05,047 INFO backend.ml_engine Loaded RF model from /home/appuser/.config/AdaptiveHoneypot/models/rf_multiclass.pkl
2025-11-21 16:44:05,372 INFO backend.ml_engine Loaded XGB model from /home/appuser/.config/AdaptiveHoneypot/models/xgb_multiclass.pkl
2025-11-21 16:44:05,376 INFO backend.ml_engine Loaded label encoder from /home/appuser/.config/AdaptiveHoneypot/models/label_encoder.pkl
2025-11-21 16:44:05,377 ERROR backend.app decide_route error
Traceback (most recent call last):
  File "/app/backend/app.py", line 121, in simulate_traffic
    decision = decide_route(data)
               ^^^^^^^^^^^^^^^^^^
  File "/app/backend/filter.py", line 80, in decide_route
    lbl, conf = predict_text_label(text)
    ^^^^^^^^^
TypeError: cannot unpack non-iterable NoneType object
2025-11-21 16:44:08,156 INFO backend.ml_engine Loaded RF model from /home/appuser/.config/AdaptiveHoneypot/models/rf_multiclass.pkl
2025-11-21 16:44:08,278 INFO backend.ml_engine Loaded XGB model from /home/appuser/.config/AdaptiveHoneypot/models/xgb_multiclass.pkl
2025-11-21 16:44:08,282 INFO backend.ml_engine Loaded label encoder from /home/appuser/.config/AdaptiveHoneypot/models/label_encoder.pkl
2025-11-21 16:44:08,283 ERROR backend.app decide_route error
Traceback (most recent call last):
  File "/app/backend/app.py", line 121, in simulate_traffic
    decision = decide_route(data)
               ^^^^^^^^^^^^^^^^^^
  File "/app/backend/filter.py", line 80, in decide_route
    lbl, conf = predict_text_label(text)
    ^^^^^^^^^
ValueError: too many values to unpack (expected 2)
2025-11-21 16:44:08,627 ERROR backend.app decide_route error
Traceback (most recent call last):
  File "/app/backend/app.py", line 121, in simulate_traffic
    decision = decide_route(data)
               ^^^^^^^^^^^^^^^^^^
  File "/app/backend/filter.py", line 80, in decide_route
    lbl, conf = predict_text_label(text)
    ^^^^^^^^^
TypeError: cannot unpack non-iterable NoneType object
2025-11-21 16:53:01,812 INFO backend.app Adaptive Honeypot starting
2025-11-21 16:53:01,812 INFO backend.app Adaptive Honeypot starting
2025-11-21 16:53:01,812 INFO backend.app Adaptive Honeypot starting
2025-11-21 16:53:01,813 INFO backend.app Adaptive Honeypot starting
2025-11-21 16:53:01,838 INFO backend.app Adaptive Honeypot starting
2025-11-21 16:53:01,840 INFO backend.app Adaptive Honeypot starting
2025-11-21 16:53:01,840 INFO backend.app Adaptive Honeypot starting
2025-11-21 16:53:01,841 INFO backend.app Adaptive Honeypot starting
2025-11-21 16:53:01,841 INFO backend.app Adaptive Honeypot starting
2025-11-21 16:53:01,878 INFO backend.app Adaptive Honeypot starting
2025-11-21 16:53:01,879 INFO backend.app Adaptive Honeypot starting
2025-11-21 16:53:01,906 INFO backend.app Adaptive Honeypot starting
2025-11-21 16:53:01,906 INFO backend.app Adaptive Honeypot starting
2025-11-21 16:53:01,959 INFO backend.app Adaptive Honeypot starting
2025-11-21 16:53:02,006 INFO backend.app Adaptive Honeypot starting
2025-11-21 16:53:02,006 INFO backend.app Adaptive Honeypot starting
2025-11-21 16:53:02,006 INFO backend.app Adaptive Honeypot starting
2025-11-21 16:53:18,726 INFO backend.ml_engine Loaded RF model from /home/appuser/.config/AdaptiveHoneypot/models/rf_multiclass.pkl
2025-11-21 16:53:18,849 INFO backend.ml_engine Loaded XGB model from /home/appuser/.config/AdaptiveHoneypot/models/xgb_multiclass.pkl
2025-11-21 16:53:18,857 INFO backend.ml_engine Loaded label encoder from /home/appuser/.config/AdaptiveHoneypot/models/label_encoder.pkl
2025-11-21 16:53:18,858 WARNING backend.filter predict_text_label returned None for text=GET /admin.php HTTP/1.1
Host: victim
2025-11-21 16:53:20,777 INFO backend.ml_engine Loaded RF model from /home/appuser/.config/AdaptiveHoneypot/models/rf_multiclass.pkl
2025-11-21 16:53:20,869 INFO backend.ml_engine Loaded XGB model from /home/appuser/.config/AdaptiveHoneypot/models/xgb_multiclass.pkl
2025-11-21 16:53:20,878 INFO backend.ml_engine Loaded label encoder from /home/appuser/.config/AdaptiveHoneypot/models/label_encoder.pkl
2025-11-21 16:53:20,879 WARNING backend.filter predict_text_label returned unexpected type <class 'str'> -> 'Brute Force'
2025-11-21 16:53:22,456 INFO backend.ml_engine Loaded RF model from /home/appuser/.config/AdaptiveHoneypot/models/rf_multiclass.pkl
2025-11-21 16:53:22,538 INFO backend.ml_engine Loaded XGB model from /home/appuser/.config/AdaptiveHoneypot/models/xgb_multiclass.pkl
2025-11-21 16:53:22,543 INFO backend.ml_engine Loaded label encoder from /home/appuser/.config/AdaptiveHoneypot/models/label_encoder.pkl
2025-11-21 16:53:22,544 WARNING backend.filter predict_text_label returned None for text=FUZZ_{1..200}
2025-11-21 17:05:00,482 WARNING backend.filter predict_text_label returned None for text=GET /admin.php HTTP/1.1
Host: victim
2025-11-21 17:05:01,138 WARNING backend.filter predict_text_label returned unexpected type <class 'str'> -> 'Brute Force'
2025-11-21 17:05:03,134 INFO backend.ml_engine Loaded RF model from /home/appuser/.config/AdaptiveHoneypot/models/rf_multiclass.pkl
2025-11-21 17:05:03,233 INFO backend.ml_engine Loaded XGB model from /home/appuser/.config/AdaptiveHoneypot/models/xgb_multiclass.pkl
2025-11-21 17:05:03,239 INFO backend.ml_engine Loaded label encoder from /home/appuser/.config/AdaptiveHoneypot/models/label_encoder.pkl
2025-11-21 17:05:03,240 WARNING backend.filter predict_text_label returned None for text=FUZZ_{1..200}
2025-11-21 18:07:17,520 INFO backend.app Adaptive Honeypot starting
2025-11-21 18:07:17,528 INFO backend.app Adaptive Honeypot starting
2025-11-21 18:07:17,595 INFO backend.app Adaptive Honeypot starting
2025-11-21 18:07:18,133 INFO backend.app Adaptive Honeypot starting
2025-11-21 18:07:18,465 INFO backend.app Adaptive Honeypot starting
2025-11-21 18:07:18,466 INFO backend.app Adaptive Honeypot starting
2025-11-21 18:07:18,661 INFO backend.app Adaptive Honeypot starting
2025-11-21 18:07:18,847 INFO backend.app Adaptive Honeypot starting
2025-11-21 18:07:18,929 INFO backend.app Adaptive Honeypot starting
2025-11-21 18:07:18,932 INFO backend.app Adaptive Honeypot starting
2025-11-21 18:07:19,028 INFO backend.app Adaptive Honeypot starting
2025-11-21 18:07:19,028 INFO backend.app Adaptive Honeypot starting
2025-11-21 18:07:19,088 INFO backend.app Adaptive Honeypot starting
2025-11-21 18:07:19,088 INFO backend.app Adaptive Honeypot starting
2025-11-21 18:07:19,201 INFO backend.app Adaptive Honeypot starting
2025-11-21 18:07:19,201 INFO backend.app Adaptive Honeypot starting
2025-11-21 18:07:19,257 INFO backend.app Adaptive Honeypot starting
2025-11-21 18:10:17,720 INFO backend.ml_engine Loaded RF model from /home/appuser/.config/AdaptiveHoneypot/models/rf_multiclass.pkl
2025-11-21 18:10:17,850 INFO backend.ml_engine Loaded XGB model from /home/appuser/.config/AdaptiveHoneypot/models/xgb_multiclass.pkl
2025-11-21 18:10:17,855 INFO backend.ml_engine Loaded label encoder from /home/appuser/.config/AdaptiveHoneypot/models/label_encoder.pkl
2025-11-21 18:10:17,856 WARNING backend.filter predict_text_label returned None for text=GET /admin.php HTTP/1.1
Host: victim
2025-11-21 18:10:20,418 INFO backend.ml_engine Loaded RF model from /home/appuser/.config/AdaptiveHoneypot/models/rf_multiclass.pkl
2025-11-21 18:10:20,535 INFO backend.ml_engine Loaded XGB model from /home/appuser/.config/AdaptiveHoneypot/models/xgb_multiclass.pkl
2025-11-21 18:10:20,539 INFO backend.ml_engine Loaded label encoder from /home/appuser/.config/AdaptiveHoneypot/models/label_encoder.pkl
2025-11-21 18:10:20,540 WARNING backend.filter predict_text_label returned unexpected type <class 'str'> -> 'Brute Force'
2025-11-21 18:10:22,850 INFO backend.ml_engine Loaded RF model from /home/appuser/.config/AdaptiveHoneypot/models/rf_multiclass.pkl
2025-11-21 18:10:22,944 INFO backend.ml_engine Loaded XGB model from /home/appuser/.config/AdaptiveHoneypot/models/xgb_multiclass.pkl
2025-11-21 18:10:22,950 INFO backend.ml_engine Loaded label encoder from /home/appuser/.config/AdaptiveHoneypot/models/label_encoder.pkl
2025-11-21 18:10:22,950 WARNING backend.filter predict_text_label returned None for text=FUZZ_{1..200}
2025-11-21 18:35:24,994 INFO backend.app Adaptive Honeypot starting
2025-11-21 18:35:25,156 INFO backend.app Adaptive Honeypot starting
2025-11-21 18:35:25,227 INFO backend.app Adaptive Honeypot starting
2025-11-21 18:35:25,230 INFO backend.app Adaptive Honeypot starting
2025-11-21 18:35:25,449 INFO backend.app Adaptive Honeypot starting
2025-11-21 18:35:25,451 INFO backend.app Adaptive Honeypot starting
2025-11-21 18:35:25,574 INFO backend.app Adaptive Honeypot starting
2025-11-21 18:35:25,680 INFO backend.app Adaptive Honeypot starting
2025-11-21 18:35:25,925 INFO backend.app Adaptive Honeypot starting
2025-11-21 18:35:25,926 INFO backend.app Adaptive Honeypot starting
2025-11-21 18:35:26,039 INFO backend.app Adaptive Honeypot starting
2025-11-21 18:35:26,039 INFO backend.app Adaptive Honeypot starting
2025-11-21 18:35:26,039 INFO backend.app Adaptive Honeypot starting
2025-11-21 18:35:26,103 INFO backend.app Adaptive Honeypot starting
2025-11-21 18:35:26,103 INFO backend.app Adaptive Honeypot starting
2025-11-21 18:35:26,103 INFO backend.app Adaptive Honeypot starting
2025-11-21 18:35:26,184 INFO backend.app Adaptive Honeypot starting
2025-11-21 18:57:52,069 INFO backend.ml_engine Loaded RF model from /home/appuser/.config/AdaptiveHoneypot/models/rf_multiclass.pkl
2025-11-21 18:57:52,376 INFO backend.ml_engine Loaded XGB model from /home/appuser/.config/AdaptiveHoneypot/models/xgb_multiclass.pkl
2025-11-21 18:57:52,382 INFO backend.ml_engine Loaded label encoder from /home/appuser/.config/AdaptiveHoneypot/models/label_encoder.pkl
2025-11-21 18:57:52,382 WARNING backend.filter predict_text_label returned None for text=GET /admin.php HTTP/1.1
Host: victim
2025-11-21 18:57:53,041 WARNING backend.filter predict_text_label returned unexpected type <class 'str'> -> 'Brute Force'
2025-11-21 18:57:55,038 INFO backend.ml_engine Loaded RF model from /home/appuser/.config/AdaptiveHoneypot/models/rf_multiclass.pkl
2025-11-21 18:57:55,141 INFO backend.ml_engine Loaded XGB model from /home/appuser/.config/AdaptiveHoneypot/models/xgb_multiclass.pkl
2025-11-21 18:57:55,146 INFO backend.ml_engine Loaded label encoder from /home/appuser/.config/AdaptiveHoneypot/models/label_encoder.pkl
2025-11-21 18:57:55,147 WARNING backend.filter predict_text_label returned None for text=FUZZ_{1..200}
2025-11-21 19:11:12,762 INFO backend.app Adaptive Honeypot starting
2025-11-21 19:11:12,814 INFO backend.app Adaptive Honeypot starting
2025-11-21 19:11:12,854 INFO backend.app Adaptive Honeypot starting
2025-11-21 19:11:12,854 INFO backend.app Adaptive Honeypot starting
2025-11-21 19:11:12,912 INFO backend.app Adaptive Honeypot starting
2025-11-21 19:11:12,964 INFO backend.app Adaptive Honeypot starting
2025-11-21 19:11:12,964 INFO backend.app Adaptive Honeypot starting
2025-11-21 19:11:13,013 INFO backend.app Adaptive Honeypot starting
2025-11-21 19:11:13,013 INFO backend.app Adaptive Honeypot starting
2025-11-21 19:11:13,014 INFO backend.app Adaptive Honeypot starting
2025-11-21 19:11:13,183 INFO backend.app Adaptive Honeypot starting
2025-11-21 19:11:13,183 INFO backend.app Adaptive Honeypot starting
2025-11-21 19:11:13,183 INFO backend.app Adaptive Honeypot starting
2025-11-21 19:11:13,223 INFO backend.app Adaptive Honeypot starting
2025-11-21 19:11:13,223 INFO backend.app Adaptive Honeypot starting
2025-11-21 19:11:13,223 INFO backend.app Adaptive Honeypot starting
2025-11-21 19:11:13,329 INFO backend.app Adaptive Honeypot starting
2025-11-21 19:11:57,358 INFO backend.ml_engine Loaded RF model from /home/appuser/.config/AdaptiveHoneypot/models/rf_multiclass.pkl
2025-11-21 19:11:57,493 INFO backend.ml_engine Loaded XGB model from /home/appuser/.config/AdaptiveHoneypot/models/xgb_multiclass.pkl
2025-11-21 19:11:57,501 INFO backend.ml_engine Loaded label encoder from /home/appuser/.config/AdaptiveHoneypot/models/label_encoder.pkl
2025-11-21 19:11:57,502 WARNING backend.filter predict_text_label returned None for text=GET /admin.php HTTP/1.1
Host: victim
2025-11-21 19:11:58,155 WARNING backend.filter predict_text_label returned unexpected type <class 'str'> -> 'Brute Force'
2025-11-21 19:11:59,985 INFO backend.ml_engine Loaded RF model from /home/appuser/.config/AdaptiveHoneypot/models/rf_multiclass.pkl
2025-11-21 19:12:00,103 INFO backend.ml_engine Loaded XGB model from /home/appuser/.config/AdaptiveHoneypot/models/xgb_multiclass.pkl
2025-11-21 19:12:00,111 INFO backend.ml_engine Loaded label encoder from /home/appuser/.config/AdaptiveHoneypot/models/label_encoder.pkl
2025-11-21 19:12:00,112 WARNING backend.filter predict_text_label returned None for text=FUZZ_{1..200}
2025-11-21 19:21:57,269 INFO backend.app Adaptive Honeypot starting
2025-11-21 19:21:57,936 INFO backend.app Adaptive Honeypot starting
2025-11-21 19:21:58,066 INFO backend.app Adaptive Honeypot starting
2025-11-21 19:21:58,066 INFO backend.app Adaptive Honeypot starting
2025-11-21 19:21:58,144 INFO backend.app Adaptive Honeypot starting
2025-11-21 19:21:58,280 INFO backend.app Adaptive Honeypot starting
2025-11-21 19:21:58,350 INFO backend.app Adaptive Honeypot starting
2025-11-21 19:21:58,573 INFO backend.app Adaptive Honeypot starting
2025-11-21 19:21:58,630 INFO backend.app Adaptive Honeypot starting
2025-11-21 19:21:58,631 INFO backend.app Adaptive Honeypot starting
2025-11-21 19:21:58,700 INFO backend.app Adaptive Honeypot starting
2025-11-21 19:21:58,700 INFO backend.app Adaptive Honeypot starting
2025-11-21 19:21:58,700 INFO backend.app Adaptive Honeypot starting
2025-11-21 19:21:58,762 INFO backend.app Adaptive Honeypot starting
2025-11-21 19:21:58,799 INFO backend.app Adaptive Honeypot starting
2025-11-21 19:21:58,841 INFO backend.app Adaptive Honeypot starting
2025-11-21 19:21:58,842 INFO backend.app Adaptive Honeypot starting
2025-11-21 19:28:20,080 INFO backend.app Adaptive Honeypot starting
2025-11-21 19:28:20,865 INFO backend.app Adaptive Honeypot starting
2025-11-21 19:28:20,948 INFO backend.app Adaptive Honeypot starting
2025-11-21 19:28:21,419 INFO backend.app Adaptive Honeypot starting
2025-11-21 19:28:21,871 INFO backend.app Adaptive Honeypot starting
2025-11-21 19:28:22,162 INFO backend.app Adaptive Honeypot starting
2025-11-21 19:28:22,317 INFO backend.app Adaptive Honeypot starting
2025-11-21 19:28:22,318 INFO backend.app Adaptive Honeypot starting
2025-11-21 19:28:22,319 INFO backend.app Adaptive Honeypot starting
2025-11-21 19:28:22,406 INFO backend.app Adaptive Honeypot starting
2025-11-21 19:28:22,406 INFO backend.app Adaptive Honeypot starting
2025-11-21 19:28:22,458 INFO backend.app Adaptive Honeypot starting
2025-11-21 19:28:22,458 INFO backend.app Adaptive Honeypot starting
2025-11-21 19:28:22,458 INFO backend.app Adaptive Honeypot starting
2025-11-21 19:28:22,567 INFO backend.app Adaptive Honeypot starting
2025-11-21 19:28:22,610 INFO backend.app Adaptive Honeypot starting
2025-11-21 19:28:22,665 INFO backend.app Adaptive Honeypot starting
2025-11-21 19:43:43,183 INFO backend.ml_engine Loaded RF model from /home/appuser/.config/AdaptiveHoneypot/models/rf_multiclass.pkl
2025-11-21 19:43:43,397 INFO backend.ml_engine Loaded XGB model from /home/appuser/.config/AdaptiveHoneypot/models/xgb_multiclass.pkl
2025-11-21 19:43:43,401 INFO backend.ml_engine Loaded label encoder from /home/appuser/.config/AdaptiveHoneypot/models/label_encoder.pkl
2025-11-21 19:43:43,401 WARNING backend.filter predict_text_label returned None for text=GET /admin.php HTTP/1.1
Host: victim
2025-11-21 19:43:45,924 INFO backend.ml_engine Loaded RF model from /home/appuser/.config/AdaptiveHoneypot/models/rf_multiclass.pkl
2025-11-21 19:43:46,032 INFO backend.ml_engine Loaded XGB model from /home/appuser/.config/AdaptiveHoneypot/models/xgb_multiclass.pkl
2025-11-21 19:43:46,035 INFO backend.ml_engine Loaded label encoder from /home/appuser/.config/AdaptiveHoneypot/models/label_encoder.pkl
2025-11-21 19:43:46,036 WARNING backend.filter predict_text_label returned unexpected type <class 'str'> -> 'Brute Force'
2025-11-21 19:43:46,362 WARNING backend.filter predict_text_label returned None for text=FUZZ_{1..200}
2025-11-21 19:44:25,889 INFO backend.ml_engine Loaded RF model from /home/appuser/.config/AdaptiveHoneypot/models/rf_multiclass.pkl
2025-11-21 19:44:25,975 INFO backend.ml_engine Loaded XGB model from /home/appuser/.config/AdaptiveHoneypot/models/xgb_multiclass.pkl
2025-11-21 19:44:25,979 INFO backend.ml_engine Loaded label encoder from /home/appuser/.config/AdaptiveHoneypot/models/label_encoder.pkl
2025-11-21 19:44:25,980 WARNING backend.filter predict_text_label returned None for text=GET /admin.php HTTP/1.1
Host: victim
2025-11-21 19:44:28,778 INFO backend.ml_engine Loaded RF model from /home/appuser/.config/AdaptiveHoneypot/models/rf_multiclass.pkl
2025-11-21 19:44:28,870 INFO backend.ml_engine Loaded XGB model from /home/appuser/.config/AdaptiveHoneypot/models/xgb_multiclass.pkl
2025-11-21 19:44:28,873 INFO backend.ml_engine Loaded label encoder from /home/appuser/.config/AdaptiveHoneypot/models/label_encoder.pkl
2025-11-21 19:44:28,874 WARNING backend.filter predict_text_label returned unexpected type <class 'str'> -> 'Brute Force'
2025-11-21 19:44:29,198 WARNING backend.filter predict_text_label returned None for text=FUZZ_{1..200}
2025-11-21 19:46:11,373 INFO backend.ml_engine Loaded RF model from /home/appuser/.config/AdaptiveHoneypot/models/rf_multiclass.pkl
2025-11-21 19:46:11,491 INFO backend.ml_engine Loaded XGB model from /home/appuser/.config/AdaptiveHoneypot/models/xgb_multiclass.pkl
2025-11-21 19:46:11,494 INFO backend.ml_engine Loaded label encoder from /home/appuser/.config/AdaptiveHoneypot/models/label_encoder.pkl
2025-11-21 19:46:11,494 WARNING backend.filter predict_text_label returned None for text=GET /admin.php HTTP/1.1
Host: victim
2025-11-21 19:46:13,735 INFO backend.ml_engine Loaded RF model from /home/appuser/.config/AdaptiveHoneypot/models/rf_multiclass.pkl
2025-11-21 19:46:13,844 INFO backend.ml_engine Loaded XGB model from /home/appuser/.config/AdaptiveHoneypot/models/xgb_multiclass.pkl
2025-11-21 19:46:13,851 INFO backend.ml_engine Loaded label encoder from /home/appuser/.config/AdaptiveHoneypot/models/label_encoder.pkl
2025-11-21 19:46:13,851 WARNING backend.filter predict_text_label returned unexpected type <class 'str'> -> 'Brute Force'
2025-11-21 19:46:14,169 WARNING backend.filter predict_text_label returned None for text=FUZZ_{1..200}
2025-11-22 04:47:24,981 INFO backend.app Adaptive Honeypot starting
2025-11-22 04:47:24,981 INFO backend.app Adaptive Honeypot starting
2025-11-22 04:47:24,981 INFO backend.app Adaptive Honeypot starting
2025-11-22 04:47:24,982 INFO backend.app Adaptive Honeypot starting
2025-11-22 04:47:24,982 INFO backend.app Adaptive Honeypot starting
2025-11-22 04:47:24,982 INFO backend.app Adaptive Honeypot starting
2025-11-22 04:47:24,984 INFO backend.app Adaptive Honeypot starting
2025-11-22 04:47:24,989 INFO backend.app Adaptive Honeypot starting
2025-11-22 04:47:25,026 INFO backend.app Adaptive Honeypot starting
2025-11-22 04:47:25,068 INFO backend.app Adaptive Honeypot starting
2025-11-22 04:47:25,100 INFO backend.app Adaptive Honeypot starting
2025-11-22 04:47:25,137 INFO backend.app Adaptive Honeypot starting
2025-11-22 04:47:25,189 INFO backend.app Adaptive Honeypot starting
2025-11-22 04:47:25,227 INFO backend.app Adaptive Honeypot starting
2025-11-22 04:47:25,255 INFO backend.app Adaptive Honeypot starting
2025-11-22 04:47:25,286 INFO backend.app Adaptive Honeypot starting
2025-11-22 04:47:25,306 INFO backend.app Adaptive Honeypot starting
2025-11-22 04:48:46,012 INFO backend.ml_engine Loaded RF model from /home/appuser/.config/AdaptiveHoneypot/models/rf_multiclass.pkl
2025-11-22 04:48:47,075 INFO backend.ml_engine Loaded XGB model from /home/appuser/.config/AdaptiveHoneypot/models/xgb_multiclass.pkl
2025-11-22 04:48:47,093 INFO backend.ml_engine Loaded label encoder from /home/appuser/.config/AdaptiveHoneypot/models/label_encoder.pkl
2025-11-22 04:48:47,094 WARNING backend.filter predict_text_label returned None for text=GET /admin.php HTTP/1.1
Host: victim
2025-11-22 04:48:49,077 INFO backend.ml_engine Loaded RF model from /home/appuser/.config/AdaptiveHoneypot/models/rf_multiclass.pkl
2025-11-22 04:48:49,161 INFO backend.ml_engine Loaded XGB model from /home/appuser/.config/AdaptiveHoneypot/models/xgb_multiclass.pkl
2025-11-22 04:48:49,166 INFO backend.ml_engine Loaded label encoder from /home/appuser/.config/AdaptiveHoneypot/models/label_encoder.pkl
2025-11-22 04:48:49,166 WARNING backend.filter predict_text_label returned unexpected type <class 'str'> -> 'Brute Force'
2025-11-22 04:48:49,486 WARNING backend.filter predict_text_label returned None for text=FUZZ_{1..200}
2025-11-22 04:48:49,618 INFO backend.app Adaptive Honeypot starting
2025-11-22 05:15:54,343 INFO backend.app Adaptive Honeypot starting
2025-11-22 05:15:54,367 INFO backend.app Adaptive Honeypot starting
2025-11-22 05:19:50,429 INFO backend.app Adaptive Honeypot starting
2025-11-22 05:19:50,433 INFO backend.app Adaptive Honeypot starting
2025-11-22 05:19:50,461 INFO backend.app Adaptive Honeypot starting
2025-11-22 05:19:50,524 INFO backend.app Adaptive Honeypot starting
2025-11-22 05:19:50,565 INFO backend.app Adaptive Honeypot starting
2025-11-22 05:19:50,640 INFO backend.app Adaptive Honeypot starting
2025-11-22 05:19:50,641 INFO backend.app Adaptive Honeypot starting
2025-11-22 05:19:50,641 INFO backend.app Adaptive Honeypot starting
2025-11-22 05:19:50,777 INFO backend.app Adaptive Honeypot starting
2025-11-22 05:19:50,817 INFO backend.app Adaptive Honeypot starting
2025-11-22 05:19:50,911 INFO backend.app Adaptive Honeypot starting
2025-11-22 05:19:50,911 INFO backend.app Adaptive Honeypot starting
2025-11-22 05:19:50,938 INFO backend.app Adaptive Honeypot starting
2025-11-22 05:19:50,974 INFO backend.app Adaptive Honeypot starting
2025-11-22 05:19:50,974 INFO backend.app Adaptive Honeypot starting
2025-11-22 05:19:50,995 INFO backend.app Adaptive Honeypot starting
2025-11-22 05:19:51,017 INFO backend.app Adaptive Honeypot starting
2025-11-23 07:00:49,221 INFO backend.app Adaptive Honeypot starting
2025-11-23 07:00:49,221 INFO backend.app Adaptive Honeypot starting
2025-11-23 07:00:49,222 INFO backend.app Adaptive Honeypot starting
2025-11-23 07:00:49,222 INFO backend.app Adaptive Honeypot starting
2025-11-23 07:00:49,222 INFO backend.app Adaptive Honeypot starting
2025-11-23 07:00:49,222 INFO backend.app Adaptive Honeypot starting
2025-11-23 07:00:49,222 INFO backend.app Adaptive Honeypot starting
2025-11-23 07:00:49,222 INFO backend.app Adaptive Honeypot starting
2025-11-23 07:00:49,223 INFO backend.app Adaptive Honeypot starting
2025-11-23 07:00:49,223 INFO backend.app Adaptive Honeypot starting
2025-11-23 07:00:49,223 INFO backend.app Adaptive Honeypot starting
2025-11-23 07:00:49,223 INFO backend.app Adaptive Honeypot starting
2025-11-23 07:00:49,224 INFO backend.app Adaptive Honeypot starting
2025-11-23 07:00:49,264 INFO backend.app Adaptive Honeypot starting
2025-11-23 07:00:49,264 INFO backend.app Adaptive Honeypot starting
2025-11-23 07:00:49,325 INFO backend.app Adaptive Honeypot starting
2025-11-23 07:00:49,356 INFO backend.app Adaptive Honeypot starting
2025-11-23 07:02:00,039 ERROR backend.redis_bucket Failed to initialize Redis client: Error 111 connecting to 127.0.0.1:6379. Connection refused.
Traceback (most recent call last):
  File "/usr/local/lib/python3.12/site-packages/redis/connection.py", line 855, in connect_check_health
    sock = self.retry.call_with_retry(
           ^^^^^^^^^^^^^^^^^^^^^^^^^^^
  File "/usr/local/lib/python3.12/site-packages/redis/retry.py", line 116, in call_with_retry
    return do()
           ^^^^
  File "/usr/local/lib/python3.12/site-packages/redis/connection.py", line 856, in <lambda>
    lambda: self._connect(), lambda error: self.disconnect(error)
            ^^^^^^^^^^^^^^^
  File "/usr/local/lib/python3.12/site-packages/redis/connection.py", line 1306, in _connect
    raise err
  File "/usr/local/lib/python3.12/site-packages/redis/connection.py", line 1290, in _connect
    sock.connect(socket_address)
ConnectionRefusedError: [Errno 111] Connection refused

During handling of the above exception, another exception occurred:

Traceback (most recent call last):
  File "/app/backend/redis_bucket.py", line 81, in _get_redis
    _redis_client.ping()
  File "/usr/local/lib/python3.12/site-packages/redis/commands/core.py", line 1226, in ping
    return self.execute_command("PING", **kwargs)
           ^^^^^^^^^^^^^^^^^^^^^^^^^^^^^^^^^^^^^^
  File "/usr/local/lib/python3.12/site-packages/redis/client.py", line 657, in execute_command
    return self._execute_command(*args, **options)
           ^^^^^^^^^^^^^^^^^^^^^^^^^^^^^^^^^^^^^^^
  File "/usr/local/lib/python3.12/site-packages/redis/client.py", line 663, in _execute_command
    conn = self.connection or pool.get_connection()
                              ^^^^^^^^^^^^^^^^^^^^^
  File "/usr/local/lib/python3.12/site-packages/redis/utils.py", line 196, in wrapper
    return func(*args, **kwargs)
           ^^^^^^^^^^^^^^^^^^^^^
  File "/usr/local/lib/python3.12/site-packages/redis/connection.py", line 2603, in get_connection
    connection.connect()
  File "/usr/local/lib/python3.12/site-packages/redis/connection.py", line 846, in connect
    self.connect_check_health(check_health=True)
  File "/usr/local/lib/python3.12/site-packages/redis/connection.py", line 863, in connect_check_health
    raise ConnectionError(self._error_message(e))
redis.exceptions.ConnectionError: Error 111 connecting to 127.0.0.1:6379. Connection refused.
2025-11-23 07:02:07,186 INFO backend.ml_engine Loaded RF model from /home/appuser/.config/AdaptiveHoneypot/models/rf_multiclass.pkl
2025-11-23 07:02:08,568 INFO backend.ml_engine Loaded XGB model from /home/appuser/.config/AdaptiveHoneypot/models/xgb_multiclass.pkl
2025-11-23 07:02:08,602 INFO backend.ml_engine Loaded label encoder from /home/appuser/.config/AdaptiveHoneypot/models/label_encoder.pkl
2025-11-23 07:02:08,602 WARNING backend.filter predict_text_label returned None for text=GET /admin.php HTTP/1.1
Host: victim
2025-11-23 07:02:12,668 INFO backend.ml_engine Loaded RF model from /home/appuser/.config/AdaptiveHoneypot/models/rf_multiclass.pkl
2025-11-23 07:02:12,874 INFO backend.ml_engine Loaded XGB model from /home/appuser/.config/AdaptiveHoneypot/models/xgb_multiclass.pkl
2025-11-23 07:02:12,881 INFO backend.ml_engine Loaded label encoder from /home/appuser/.config/AdaptiveHoneypot/models/label_encoder.pkl
2025-11-23 07:02:12,884 WARNING backend.filter predict_text_label returned unexpected type <class 'str'> -> 'Brute Force'
2025-11-23 07:02:13,211 WARNING backend.filter predict_text_label returned None for text=FUZZ_{1..200}
2025-11-24 09:46:46,554 INFO backend.app Adaptive Honeypot starting
2025-11-24 09:46:46,554 INFO backend.app Adaptive Honeypot starting
2025-11-24 09:46:46,554 INFO backend.app Adaptive Honeypot starting
2025-11-24 09:46:46,554 INFO backend.app Adaptive Honeypot starting
2025-11-24 09:46:46,554 INFO backend.app Adaptive Honeypot starting
2025-11-24 09:46:46,554 INFO backend.app Adaptive Honeypot starting
2025-11-24 09:46:46,554 INFO backend.app Adaptive Honeypot starting
2025-11-24 09:46:46,554 INFO backend.app Adaptive Honeypot starting
2025-11-24 09:46:46,555 INFO backend.app Adaptive Honeypot starting
2025-11-24 09:46:46,555 INFO backend.app Adaptive Honeypot starting
2025-11-24 09:46:46,555 INFO backend.app Adaptive Honeypot starting
2025-11-24 09:46:46,555 INFO backend.app Adaptive Honeypot starting
2025-11-24 09:46:46,555 INFO backend.app Adaptive Honeypot starting
2025-11-24 09:46:46,554 INFO backend.app Adaptive Honeypot starting
2025-11-24 09:46:46,554 INFO backend.app Adaptive Honeypot starting
2025-11-24 09:46:46,556 INFO backend.app Adaptive Honeypot starting
2025-11-24 09:46:46,604 INFO backend.app Adaptive Honeypot starting
2025-11-24 11:04:57,625 INFO backend.ml_engine Loaded RF model from /home/appuser/.config/AdaptiveHoneypot/models/rf_multiclass.pkl
2025-11-24 11:04:57,933 INFO backend.ml_engine Loaded XGB model from /home/appuser/.config/AdaptiveHoneypot/models/xgb_multiclass.pkl
2025-11-24 11:04:57,953 INFO backend.ml_engine Loaded label encoder from /home/appuser/.config/AdaptiveHoneypot/models/label_encoder.pkl
2025-11-24 11:04:57,954 WARNING backend.filter predict_text_label returned unexpected type <class 'str'> -> 'Web Attack - Sql Injection'
2025-11-24 11:11:27,720 INFO backend.ml_engine Loaded RF model from /home/appuser/.config/AdaptiveHoneypot/models/rf_multiclass.pkl
2025-11-24 11:11:27,816 INFO backend.ml_engine Loaded XGB model from /home/appuser/.config/AdaptiveHoneypot/models/xgb_multiclass.pkl
2025-11-24 11:11:27,822 INFO backend.ml_engine Loaded label encoder from /home/appuser/.config/AdaptiveHoneypot/models/label_encoder.pkl
2025-11-24 11:11:27,823 WARNING backend.filter predict_text_label returned None for text=POST /honeypot/toggle
Headers: {"x-admin-key":"my-secret-key","user-agent":"Mozilla/5.0 (Windows NT; Windows NT 10.0; en-IN) WindowsPowerShell/5.1.22621.6133","content-type":"application/json","host":
2025-11-24 11:11:59,953 INFO backend.ml_engine Loaded RF model from /home/appuser/.config/AdaptiveHoneypot/models/rf_multiclass.pkl
2025-11-24 11:12:00,036 INFO backend.ml_engine Loaded XGB model from /home/appuser/.config/AdaptiveHoneypot/models/xgb_multiclass.pkl
2025-11-24 11:12:00,041 INFO backend.ml_engine Loaded label encoder from /home/appuser/.config/AdaptiveHoneypot/models/label_encoder.pkl
2025-11-24 11:12:00,041 WARNING backend.filter predict_text_label returned None for text=POST /honeypot/test_decide
Headers: {"user-agent":"Mozilla/5.0 (Windows NT; Windows NT 10.0; en-IN) WindowsPowerShell/5.1.22621.6133","content-type":"application/json","host":"localhost:3001","content
2025-11-24 11:12:01,266 INFO backend.ml_engine Loaded RF model from /home/appuser/.config/AdaptiveHoneypot/models/rf_multiclass.pkl
2025-11-24 11:12:01,347 INFO backend.ml_engine Loaded XGB model from /home/appuser/.config/AdaptiveHoneypot/models/xgb_multiclass.pkl
2025-11-24 11:12:01,353 INFO backend.ml_engine Loaded label encoder from /home/appuser/.config/AdaptiveHoneypot/models/label_encoder.pkl
2025-11-24 11:12:01,354 WARNING backend.filter predict_text_label returned None for text=GET /admin.php HTTP/1.1\r\nHost: victim\r\n\r\n
2025-11-24 12:04:40,701 WARNING backend.filter predict_text_label returned unexpected type <class 'str'> -> 'Web Attack - Sql Injection'
2025-11-24 12:07:31,329 INFO backend.ml_engine Loaded RF model from /home/appuser/.config/AdaptiveHoneypot/models/rf_multiclass.pkl
2025-11-24 12:07:31,605 INFO backend.ml_engine Loaded XGB model from /home/appuser/.config/AdaptiveHoneypot/models/xgb_multiclass.pkl
2025-11-24 12:07:31,615 INFO backend.ml_engine Loaded label encoder from /home/appuser/.config/AdaptiveHoneypot/models/label_encoder.pkl
2025-11-24 12:07:31,616 WARNING backend.filter predict_text_label returned None for text=POST /honeypot/toggle
Headers: {"x-admin-key":"my-secret-key","user-agent":"Mozilla/5.0 (Windows NT; Windows NT 10.0; en-IN) WindowsPowerShell/5.1.22621.6133","content-type":"application/x-www-form-ur
2025-11-24 12:07:43,682 WARNING backend.filter predict_text_label returned None for text=POST /honeypot/toggle
Headers: {"x-admin-key":"my-secret-key","user-agent":"Mozilla/5.0 (Windows NT; Windows NT 10.0; en-IN) WindowsPowerShell/5.1.22621.6133","content-type":"application/x-www-form-ur
2025-11-24 12:10:13,262 INFO backend.ml_engine Loaded RF model from /home/appuser/.config/AdaptiveHoneypot/models/rf_multiclass.pkl
2025-11-24 12:10:13,449 INFO backend.ml_engine Loaded XGB model from /home/appuser/.config/AdaptiveHoneypot/models/xgb_multiclass.pkl
2025-11-24 12:10:13,458 INFO backend.ml_engine Loaded label encoder from /home/appuser/.config/AdaptiveHoneypot/models/label_encoder.pkl
2025-11-24 12:10:13,459 WARNING backend.filter predict_text_label returned unexpected type <class 'str'> -> 'Web Attack - Sql Injection'
2025-11-24 12:39:47,486 WARNING backend.filter predict_text_label returned unexpected type <class 'str'> -> 'Web Attack - Sql Injection'
2025-11-24 12:41:12,291 WARNING backend.filter predict_text_label returned unexpected type <class 'str'> -> 'Web Attack - Sql Injection'
2025-11-24 12:41:38,438 INFO backend.app Adaptive Honeypot starting
2025-11-24 12:41:38,438 INFO backend.app Adaptive Honeypot starting
2025-11-24 12:42:05,812 INFO backend.ml_engine Loaded RF model from /home/appuser/.config/AdaptiveHoneypot/models/rf_multiclass.pkl
2025-11-24 12:42:05,926 INFO backend.ml_engine Loaded XGB model from /home/appuser/.config/AdaptiveHoneypot/models/xgb_multiclass.pkl
2025-11-24 12:42:05,931 INFO backend.ml_engine Loaded label encoder from /home/appuser/.config/AdaptiveHoneypot/models/label_encoder.pkl
2025-11-24 12:42:05,931 WARNING backend.filter predict_text_label returned unexpected type <class 'str'> -> 'Web Attack - Sql Injection'
2025-11-24 12:58:13,484 INFO backend.ml_engine Loaded RF model from /home/appuser/.config/AdaptiveHoneypot/models/rf_multiclass.pkl
2025-11-24 12:58:13,645 INFO backend.ml_engine Loaded XGB model from /home/appuser/.config/AdaptiveHoneypot/models/xgb_multiclass.pkl
2025-11-24 12:58:13,650 INFO backend.ml_engine Loaded label encoder from /home/appuser/.config/AdaptiveHoneypot/models/label_encoder.pkl
2025-11-24 12:58:13,651 WARNING backend.filter predict_text_label returned None for text=POST /honeypot/toggle
Headers: {"x-admin-key":"my-secret-key","user-agent":"Mozilla/5.0 (Windows NT; Windows NT 10.0; en-IN) WindowsPowerShell/5.1.22621.6133","content-type":"application/json","host":
2025-11-24 12:58:28,931 WARNING backend.filter predict_text_label returned unexpected type <class 'str'> -> 'Web Attack - Sql Injection'
2025-11-24 12:58:58,457 INFO backend.ml_engine Loaded RF model from /home/appuser/.config/AdaptiveHoneypot/models/rf_multiclass.pkl
2025-11-24 12:58:58,585 INFO backend.ml_engine Loaded XGB model from /home/appuser/.config/AdaptiveHoneypot/models/xgb_multiclass.pkl
2025-11-24 12:58:58,590 INFO backend.ml_engine Loaded label encoder from /home/appuser/.config/AdaptiveHoneypot/models/label_encoder.pkl
2025-11-24 12:58:58,590 WARNING backend.filter predict_text_label returned unexpected type <class 'str'> -> 'Web Attack - Sql Injection'
2025-11-24 12:59:39,376 INFO backend.ml_engine Loaded RF model from /home/appuser/.config/AdaptiveHoneypot/models/rf_multiclass.pkl
2025-11-24 12:59:39,522 INFO backend.ml_engine Loaded XGB model from /home/appuser/.config/AdaptiveHoneypot/models/xgb_multiclass.pkl
2025-11-24 12:59:39,528 INFO backend.ml_engine Loaded label encoder from /home/appuser/.config/AdaptiveHoneypot/models/label_encoder.pkl
2025-11-24 12:59:39,529 WARNING backend.filter predict_text_label returned unexpected type <class 'str'> -> 'Web Attack - Sql Injection'
2025-11-24 13:00:35,391 INFO backend.ml_engine Loaded RF model from /home/appuser/.config/AdaptiveHoneypot/models/rf_multiclass.pkl
2025-11-24 13:00:35,556 INFO backend.ml_engine Loaded XGB model from /home/appuser/.config/AdaptiveHoneypot/models/xgb_multiclass.pkl
2025-11-24 13:00:35,562 INFO backend.ml_engine Loaded label encoder from /home/appuser/.config/AdaptiveHoneypot/models/label_encoder.pkl
2025-11-24 13:00:35,562 WARNING backend.filter predict_text_label returned unexpected type <class 'str'> -> 'Web Attack - Sql Injection'
2025-11-24 13:00:45,048 INFO backend.ml_engine Loaded RF model from /home/appuser/.config/AdaptiveHoneypot/models/rf_multiclass.pkl
2025-11-24 13:00:45,186 INFO backend.ml_engine Loaded XGB model from /home/appuser/.config/AdaptiveHoneypot/models/xgb_multiclass.pkl
2025-11-24 13:00:45,191 INFO backend.ml_engine Loaded label encoder from /home/appuser/.config/AdaptiveHoneypot/models/label_encoder.pkl
2025-11-24 13:00:45,191 WARNING backend.filter predict_text_label returned unexpected type <class 'str'> -> 'Web Attack - Sql Injection'
2025-11-24 13:01:14,029 WARNING backend.filter predict_text_label returned unexpected type <class 'str'> -> 'Web Attack - Sql Injection'
2025-11-24 13:03:38,950 WARNING backend.filter predict_text_label returned unexpected type <class 'str'> -> 'Web Attack - Sql Injection'
2025-11-24 13:12:41,640 INFO backend.ml_engine Loaded RF model from /home/appuser/.config/AdaptiveHoneypot/models/rf_multiclass.pkl
2025-11-24 13:12:41,827 INFO backend.ml_engine Loaded XGB model from /home/appuser/.config/AdaptiveHoneypot/models/xgb_multiclass.pkl
2025-11-24 13:12:41,836 INFO backend.ml_engine Loaded label encoder from /home/appuser/.config/AdaptiveHoneypot/models/label_encoder.pkl
2025-11-24 13:12:41,837 WARNING backend.filter predict_text_label returned unexpected type <class 'str'> -> 'Web Attack - Sql Injection'
2025-11-24 13:13:08,703 ERROR backend.redis_bucket Failed to initialize Redis client: Error 111 connecting to 127.0.0.1:6379. Connection refused.
Traceback (most recent call last):
  File "/usr/local/lib/python3.12/site-packages/redis/connection.py", line 855, in connect_check_health
    sock = self.retry.call_with_retry(
           ^^^^^^^^^^^^^^^^^^^^^^^^^^^
  File "/usr/local/lib/python3.12/site-packages/redis/retry.py", line 116, in call_with_retry
    return do()
           ^^^^
  File "/usr/local/lib/python3.12/site-packages/redis/connection.py", line 856, in <lambda>
    lambda: self._connect(), lambda error: self.disconnect(error)
            ^^^^^^^^^^^^^^^
  File "/usr/local/lib/python3.12/site-packages/redis/connection.py", line 1306, in _connect
    raise err
  File "/usr/local/lib/python3.12/site-packages/redis/connection.py", line 1290, in _connect
    sock.connect(socket_address)
ConnectionRefusedError: [Errno 111] Connection refused

During handling of the above exception, another exception occurred:

Traceback (most recent call last):
  File "/app/backend/redis_bucket.py", line 81, in _get_redis
    _redis_client.ping()
  File "/usr/local/lib/python3.12/site-packages/redis/commands/core.py", line 1226, in ping
    return self.execute_command("PING", **kwargs)
           ^^^^^^^^^^^^^^^^^^^^^^^^^^^^^^^^^^^^^^
  File "/usr/local/lib/python3.12/site-packages/redis/client.py", line 657, in execute_command
    return self._execute_command(*args, **options)
           ^^^^^^^^^^^^^^^^^^^^^^^^^^^^^^^^^^^^^^^
  File "/usr/local/lib/python3.12/site-packages/redis/client.py", line 663, in _execute_command
    conn = self.connection or pool.get_connection()
                              ^^^^^^^^^^^^^^^^^^^^^
  File "/usr/local/lib/python3.12/site-packages/redis/utils.py", line 196, in wrapper
    return func(*args, **kwargs)
           ^^^^^^^^^^^^^^^^^^^^^
  File "/usr/local/lib/python3.12/site-packages/redis/connection.py", line 2603, in get_connection
    connection.connect()
  File "/usr/local/lib/python3.12/site-packages/redis/connection.py", line 846, in connect
    self.connect_check_health(check_health=True)
  File "/usr/local/lib/python3.12/site-packages/redis/connection.py", line 863, in connect_check_health
    raise ConnectionError(self._error_message(e))
redis.exceptions.ConnectionError: Error 111 connecting to 127.0.0.1:6379. Connection refused.
2025-11-24 13:13:51,721 WARNING backend.filter predict_text_label returned unexpected type <class 'str'> -> 'Web Attack - Sql Injection'
2025-11-24 13:20:08,260 WARNING backend.filter predict_text_label returned unexpected type <class 'str'> -> 'Web Attack - Sql Injection'
2025-11-24 13:35:55,026 INFO backend.app Adaptive Honeypot starting
2025-11-24 13:35:55,060 INFO backend.app Adaptive Honeypot starting
2025-11-24 13:35:55,060 INFO backend.app Adaptive Honeypot starting
2025-11-24 13:35:55,060 INFO backend.app Adaptive Honeypot starting
2025-11-24 13:35:55,060 INFO backend.app Adaptive Honeypot starting
2025-11-24 13:35:55,060 INFO backend.app Adaptive Honeypot starting
2025-11-24 13:35:55,060 INFO backend.app Adaptive Honeypot starting
2025-11-24 13:35:55,061 INFO backend.app Adaptive Honeypot starting
2025-11-24 13:35:55,061 INFO backend.app Adaptive Honeypot starting
2025-11-24 13:35:55,100 INFO backend.app Adaptive Honeypot starting
2025-11-24 13:35:55,151 INFO backend.app Adaptive Honeypot starting
2025-11-24 13:35:55,183 INFO backend.app Adaptive Honeypot starting
2025-11-24 13:35:55,314 INFO backend.app Adaptive Honeypot starting
2025-11-24 13:35:55,314 INFO backend.app Adaptive Honeypot starting
2025-11-24 13:35:55,347 INFO backend.app Adaptive Honeypot starting
2025-11-24 13:35:55,347 INFO backend.app Adaptive Honeypot starting
2025-11-24 13:35:55,404 INFO backend.app Adaptive Honeypot starting
2025-11-24 13:36:54,359 INFO backend.ml_engine Loaded RF model from /home/appuser/.config/AdaptiveHoneypot/models/rf_multiclass.pkl
2025-11-24 13:36:54,761 INFO backend.ml_engine Loaded XGB model from /home/appuser/.config/AdaptiveHoneypot/models/xgb_multiclass.pkl
2025-11-24 13:36:54,768 INFO backend.ml_engine Loaded label encoder from /home/appuser/.config/AdaptiveHoneypot/models/label_encoder.pkl
2025-11-24 13:36:54,769 WARNING backend.filter predict_text_label returned unexpected type <class 'str'> -> 'Web Attack - Sql Injection'
2025-11-24 13:37:07,680 INFO backend.ml_engine Loaded RF model from /home/appuser/.config/AdaptiveHoneypot/models/rf_multiclass.pkl
2025-11-24 13:37:07,819 INFO backend.ml_engine Loaded XGB model from /home/appuser/.config/AdaptiveHoneypot/models/xgb_multiclass.pkl
2025-11-24 13:37:07,827 INFO backend.ml_engine Loaded label encoder from /home/appuser/.config/AdaptiveHoneypot/models/label_encoder.pkl
2025-11-24 13:37:07,827 WARNING backend.filter predict_text_label returned unexpected type <class 'str'> -> 'Web Attack - Sql Injection'
2025-11-24 13:38:05,802 INFO backend.ml_engine Loaded RF model from /home/appuser/.config/AdaptiveHoneypot/models/rf_multiclass.pkl
2025-11-24 13:38:05,910 INFO backend.ml_engine Loaded XGB model from /home/appuser/.config/AdaptiveHoneypot/models/xgb_multiclass.pkl
2025-11-24 13:38:05,917 INFO backend.ml_engine Loaded label encoder from /home/appuser/.config/AdaptiveHoneypot/models/label_encoder.pkl
2025-11-24 13:38:05,917 WARNING backend.filter predict_text_label returned unexpected type <class 'str'> -> 'Web Attack - Sql Injection'
2025-11-25 03:41:52,709 INFO backend.app Adaptive Honeypot starting
2025-11-25 03:41:52,710 INFO backend.app Adaptive Honeypot starting
2025-11-25 03:41:52,711 INFO backend.app Adaptive Honeypot starting
2025-11-25 03:41:52,710 INFO backend.app Adaptive Honeypot starting
2025-11-25 03:41:52,712 INFO backend.app Adaptive Honeypot starting
2025-11-25 03:41:52,712 INFO backend.app Adaptive Honeypot starting
2025-11-25 03:41:52,712 INFO backend.app Adaptive Honeypot starting
2025-11-25 03:41:52,714 INFO backend.app Adaptive Honeypot starting
2025-11-25 03:41:52,731 INFO backend.app Adaptive Honeypot starting
2025-11-25 03:41:52,714 INFO backend.app Adaptive Honeypot starting
2025-11-25 03:41:52,720 INFO backend.app Adaptive Honeypot starting
2025-11-25 03:41:52,720 INFO backend.app Adaptive Honeypot starting
2025-11-25 03:41:52,723 INFO backend.app Adaptive Honeypot starting
2025-11-25 03:41:52,729 INFO backend.app Adaptive Honeypot starting
2025-11-25 03:41:52,712 INFO backend.app Adaptive Honeypot starting
2025-11-25 03:41:52,760 INFO backend.app Adaptive Honeypot starting
2025-11-25 03:41:52,806 INFO backend.app Adaptive Honeypot starting
2025-11-25 03:49:42,093 INFO backend.ml_engine Loaded RF model from /home/appuser/.config/AdaptiveHoneypot/models/rf_multiclass.pkl
2025-11-25 03:49:42,843 INFO backend.ml_engine Loaded XGB model from /home/appuser/.config/AdaptiveHoneypot/models/xgb_multiclass.pkl
2025-11-25 03:49:42,861 INFO backend.ml_engine Loaded label encoder from /home/appuser/.config/AdaptiveHoneypot/models/label_encoder.pkl
2025-11-25 03:49:42,862 WARNING backend.filter predict_text_label returned unexpected type <class 'str'> -> 'Web Attack - Sql Injection'
2025-11-25 05:22:38,145 INFO backend.app Adaptive Honeypot starting
2025-11-25 05:22:38,146 INFO backend.app Adaptive Honeypot starting
2025-11-25 05:22:38,179 INFO backend.app Adaptive Honeypot starting
2025-11-25 05:22:38,179 INFO backend.app Adaptive Honeypot starting
2025-11-25 05:22:38,179 INFO backend.app Adaptive Honeypot starting
2025-11-25 05:22:38,179 INFO backend.app Adaptive Honeypot starting
2025-11-25 05:22:38,179 INFO backend.app Adaptive Honeypot starting
2025-11-25 05:22:38,180 INFO backend.app Adaptive Honeypot starting
2025-11-25 05:22:38,180 INFO backend.app Adaptive Honeypot starting
2025-11-25 05:22:38,180 INFO backend.app Adaptive Honeypot starting
2025-11-25 05:22:38,180 INFO backend.app Adaptive Honeypot starting
2025-11-25 05:22:38,180 INFO backend.app Adaptive Honeypot starting
2025-11-25 05:22:38,180 INFO backend.app Adaptive Honeypot starting
2025-11-25 05:22:38,181 INFO backend.app Adaptive Honeypot starting
2025-11-25 05:22:38,181 INFO backend.app Adaptive Honeypot starting
2025-11-25 05:22:38,183 INFO backend.app Adaptive Honeypot starting
2025-11-25 05:22:38,333 INFO backend.app Adaptive Honeypot starting
2025-11-25 05:26:03,751 INFO backend.app Adaptive Honeypot starting
2025-11-25 05:26:04,238 INFO backend.app Adaptive Honeypot starting
2025-11-25 05:26:04,384 INFO backend.app Adaptive Honeypot starting
2025-11-25 05:26:04,384 INFO backend.app Adaptive Honeypot starting
2025-11-25 05:26:04,385 INFO backend.app Adaptive Honeypot starting
2025-11-25 05:26:04,385 INFO backend.app Adaptive Honeypot starting
2025-11-25 05:26:04,386 INFO backend.app Adaptive Honeypot starting
2025-11-25 05:26:04,386 INFO backend.app Adaptive Honeypot starting
2025-11-25 05:26:04,483 INFO backend.app Adaptive Honeypot starting
2025-11-25 05:26:04,483 INFO backend.app Adaptive Honeypot starting
2025-11-25 05:26:04,484 INFO backend.app Adaptive Honeypot starting
2025-11-25 05:26:04,743 INFO backend.app Adaptive Honeypot starting
2025-11-25 05:26:04,817 INFO backend.app Adaptive Honeypot starting
2025-11-25 05:26:04,817 INFO backend.app Adaptive Honeypot starting
2025-11-25 05:26:04,817 INFO backend.app Adaptive Honeypot starting
2025-11-25 05:26:04,982 INFO backend.app Adaptive Honeypot starting
2025-11-25 05:26:05,124 INFO backend.app Adaptive Honeypot starting
2025-11-25 05:26:31,092 INFO backend.ml_engine Loaded RF model from /home/appuser/.config/AdaptiveHoneypot/models/rf_multiclass.pkl
2025-11-25 05:26:31,338 INFO backend.ml_engine Loaded XGB model from /home/appuser/.config/AdaptiveHoneypot/models/xgb_multiclass.pkl
2025-11-25 05:26:31,364 INFO backend.ml_engine Loaded label encoder from /home/appuser/.config/AdaptiveHoneypot/models/label_encoder.pkl
2025-11-25 05:26:31,365 WARNING backend.filter predict_text_label returned unexpected type <class 'str'> -> 'Web Attack - Sql Injection'
2025-11-25 05:27:37,935 INFO backend.ml_engine Loaded RF model from /home/appuser/.config/AdaptiveHoneypot/models/rf_multiclass.pkl
2025-11-25 05:27:38,034 INFO backend.ml_engine Loaded XGB model from /home/appuser/.config/AdaptiveHoneypot/models/xgb_multiclass.pkl
2025-11-25 05:27:38,038 INFO backend.ml_engine Loaded label encoder from /home/appuser/.config/AdaptiveHoneypot/models/label_encoder.pkl
2025-11-25 05:27:38,039 WARNING backend.filter predict_text_label returned unexpected type <class 'str'> -> 'Web Attack - Sql Injection'
2025-11-25 05:28:01,547 INFO backend.ml_engine Loaded RF model from /home/appuser/.config/AdaptiveHoneypot/models/rf_multiclass.pkl
2025-11-25 05:28:01,693 INFO backend.ml_engine Loaded XGB model from /home/appuser/.config/AdaptiveHoneypot/models/xgb_multiclass.pkl
2025-11-25 05:28:01,698 INFO backend.ml_engine Loaded label encoder from /home/appuser/.config/AdaptiveHoneypot/models/label_encoder.pkl
2025-11-25 05:28:01,699 WARNING backend.filter predict_text_label returned unexpected type <class 'str'> -> 'Web Attack - Sql Injection'
2025-11-25 06:07:01,547 INFO backend.app Adaptive Honeypot starting
2025-11-25 06:07:01,547 INFO backend.app Adaptive Honeypot starting
2025-11-25 06:07:01,547 INFO backend.app Adaptive Honeypot starting
2025-11-25 06:07:01,547 INFO backend.app Adaptive Honeypot starting
2025-11-25 06:07:01,547 INFO backend.app Adaptive Honeypot starting
2025-11-25 06:07:01,547 INFO backend.app Adaptive Honeypot starting
2025-11-25 06:07:01,547 INFO backend.app Adaptive Honeypot starting
2025-11-25 06:07:01,548 INFO backend.app Adaptive Honeypot starting
2025-11-25 06:07:01,548 INFO backend.app Adaptive Honeypot starting
2025-11-25 06:07:01,595 INFO backend.app Adaptive Honeypot starting
2025-11-25 06:07:01,691 INFO backend.app Adaptive Honeypot starting
2025-11-25 06:07:01,691 INFO backend.app Adaptive Honeypot starting
2025-11-25 06:07:01,691 INFO backend.app Adaptive Honeypot starting
2025-11-25 06:07:01,691 INFO backend.app Adaptive Honeypot starting
2025-11-25 06:07:01,710 INFO backend.app Adaptive Honeypot starting
2025-11-25 06:07:01,710 INFO backend.app Adaptive Honeypot starting
2025-11-25 06:07:01,752 INFO backend.app Adaptive Honeypot starting
2025-11-25 15:28:54,904 INFO backend.app Adaptive Honeypot starting
2025-11-25 15:28:54,904 INFO backend.app Adaptive Honeypot starting
2025-11-25 15:28:54,904 INFO backend.app Adaptive Honeypot starting
2025-11-25 15:28:54,904 INFO backend.app Adaptive Honeypot starting
2025-11-25 15:28:54,905 INFO backend.app Adaptive Honeypot starting
2025-11-25 15:28:54,905 INFO backend.app Adaptive Honeypot starting
2025-11-25 15:28:54,904 INFO backend.app Adaptive Honeypot starting
2025-11-25 15:28:54,904 INFO backend.app Adaptive Honeypot starting
2025-11-25 15:28:54,905 INFO backend.app Adaptive Honeypot starting
2025-11-25 15:28:54,906 INFO backend.app Adaptive Honeypot starting
2025-11-25 15:28:54,906 INFO backend.app Adaptive Honeypot starting
2025-11-25 15:28:54,906 INFO backend.app Adaptive Honeypot starting
2025-11-25 15:28:54,906 INFO backend.app Adaptive Honeypot starting
2025-11-25 15:28:54,918 INFO backend.app Adaptive Honeypot starting
2025-11-25 15:28:54,961 INFO backend.app Adaptive Honeypot starting
2025-11-25 15:28:54,961 INFO backend.app Adaptive Honeypot starting
2025-11-25 15:28:55,010 INFO backend.app Adaptive Honeypot starting
2025-11-25 15:29:19,332 INFO backend.app Adaptive Honeypot starting
2025-11-25 15:29:19,732 INFO backend.app Adaptive Honeypot starting
2025-11-25 15:29:19,763 INFO backend.app Adaptive Honeypot starting
2025-11-25 15:29:20,007 INFO backend.app Adaptive Honeypot starting
2025-11-25 15:29:20,119 INFO backend.app Adaptive Honeypot starting
2025-11-25 15:29:20,217 INFO backend.app Adaptive Honeypot starting
2025-11-25 15:29:20,263 INFO backend.app Adaptive Honeypot starting
2025-11-25 15:29:20,350 INFO backend.app Adaptive Honeypot starting
2025-11-25 15:29:20,351 INFO backend.app Adaptive Honeypot starting
2025-11-25 15:29:20,486 INFO backend.app Adaptive Honeypot starting
2025-11-25 15:29:20,486 INFO backend.app Adaptive Honeypot starting
2025-11-25 15:29:20,486 INFO backend.app Adaptive Honeypot starting
2025-11-25 15:29:20,486 INFO backend.app Adaptive Honeypot starting
2025-11-25 15:29:20,550 INFO backend.app Adaptive Honeypot starting
2025-11-25 15:29:20,550 INFO backend.app Adaptive Honeypot starting
2025-11-25 15:29:20,609 INFO backend.app Adaptive Honeypot starting
2025-11-25 15:29:20,609 INFO backend.app Adaptive Honeypot starting
2025-11-25 15:29:36,594 INFO backend.ml_engine Loaded RF model from /home/appuser/.config/AdaptiveHoneypot/models/rf_multiclass.pkl
2025-11-25 15:29:37,541 INFO backend.ml_engine Loaded XGB model from /home/appuser/.config/AdaptiveHoneypot/models/xgb_multiclass.pkl
2025-11-25 15:29:37,560 INFO backend.ml_engine Loaded label encoder from /home/appuser/.config/AdaptiveHoneypot/models/label_encoder.pkl
2025-11-25 15:29:37,561 WARNING backend.filter predict_text_label returned None for text=GET /admin.php HTTP/1.1
Host: victim
2025-11-25 15:29:39,471 INFO backend.ml_engine Loaded RF model from /home/appuser/.config/AdaptiveHoneypot/models/rf_multiclass.pkl
2025-11-25 15:29:39,570 INFO backend.ml_engine Loaded XGB model from /home/appuser/.config/AdaptiveHoneypot/models/xgb_multiclass.pkl
2025-11-25 15:29:39,578 INFO backend.ml_engine Loaded label encoder from /home/appuser/.config/AdaptiveHoneypot/models/label_encoder.pkl
2025-11-25 15:29:39,579 WARNING backend.filter predict_text_label returned unexpected type <class 'str'> -> 'Brute Force'
2025-11-25 15:29:41,228 INFO backend.ml_engine Loaded RF model from /home/appuser/.config/AdaptiveHoneypot/models/rf_multiclass.pkl
2025-11-25 15:29:41,319 INFO backend.ml_engine Loaded XGB model from /home/appuser/.config/AdaptiveHoneypot/models/xgb_multiclass.pkl
2025-11-25 15:29:41,327 INFO backend.ml_engine Loaded label encoder from /home/appuser/.config/AdaptiveHoneypot/models/label_encoder.pkl
2025-11-25 15:29:41,328 WARNING backend.filter predict_text_label returned None for text=FUZZ_{1..200}
2025-11-26 05:00:44,004 INFO backend.app Adaptive Honeypot starting
2025-11-26 05:00:44,004 INFO backend.app Adaptive Honeypot starting
2025-11-26 05:00:44,004 INFO backend.app Adaptive Honeypot starting
2025-11-26 05:00:44,004 INFO backend.app Adaptive Honeypot starting
2025-11-26 05:00:44,004 INFO backend.app Adaptive Honeypot starting
2025-11-26 05:00:44,004 INFO backend.app Adaptive Honeypot starting
2025-11-26 05:00:44,004 INFO backend.app Adaptive Honeypot starting
2025-11-26 05:00:44,004 INFO backend.app Adaptive Honeypot starting
2025-11-26 05:00:44,004 INFO backend.app Adaptive Honeypot starting
2025-11-26 05:00:44,004 INFO backend.app Adaptive Honeypot starting
2025-11-26 05:00:44,004 INFO backend.app Adaptive Honeypot starting
2025-11-26 05:00:44,005 INFO backend.app Adaptive Honeypot starting
2025-11-26 05:00:44,004 INFO backend.app Adaptive Honeypot starting
2025-11-26 05:00:44,005 INFO backend.app Adaptive Honeypot starting
2025-11-26 05:00:44,005 INFO backend.app Adaptive Honeypot starting
2025-11-26 05:00:44,005 INFO backend.app Adaptive Honeypot starting
2025-11-26 05:00:44,005 INFO backend.app Adaptive Honeypot starting
2025-11-26 05:03:44,003 INFO backend.ml_engine Loaded RF model from /home/appuser/.config/AdaptiveHoneypot/models/rf_multiclass.pkl
2025-11-26 05:03:45,061 INFO backend.ml_engine Loaded XGB model from /home/appuser/.config/AdaptiveHoneypot/models/xgb_multiclass.pkl
2025-11-26 05:03:45,080 INFO backend.ml_engine Loaded label encoder from /home/appuser/.config/AdaptiveHoneypot/models/label_encoder.pkl
2025-11-26 05:03:45,081 WARNING backend.filter predict_text_label returned unexpected type <class 'str'> -> 'Web Attack - Sql Injection'
2025-11-26 05:04:41,325 INFO backend.ml_engine Loaded RF model from /home/appuser/.config/AdaptiveHoneypot/models/rf_multiclass.pkl
2025-11-26 05:04:41,393 INFO backend.ml_engine Loaded XGB model from /home/appuser/.config/AdaptiveHoneypot/models/xgb_multiclass.pkl
2025-11-26 05:04:41,399 INFO backend.ml_engine Loaded label encoder from /home/appuser/.config/AdaptiveHoneypot/models/label_encoder.pkl
2025-11-26 05:04:41,400 WARNING backend.filter predict_text_label returned unexpected type <class 'str'> -> 'Web Attack - Sql Injection'
2025-11-26 07:50:38,082 INFO backend.app Adaptive Honeypot starting
2025-11-26 07:50:38,082 INFO backend.app Adaptive Honeypot starting
2025-11-26 07:50:38,084 INFO backend.app Adaptive Honeypot starting
2025-11-26 07:50:38,085 INFO backend.app Adaptive Honeypot starting
2025-11-26 07:50:38,082 INFO backend.app Adaptive Honeypot starting
2025-11-26 07:50:38,085 INFO backend.app Adaptive Honeypot starting
2025-11-26 07:50:38,086 INFO backend.app Adaptive Honeypot starting
2025-11-26 07:50:38,087 INFO backend.app Adaptive Honeypot starting
2025-11-26 07:50:38,087 INFO backend.app Adaptive Honeypot starting
2025-11-26 07:50:38,088 INFO backend.app Adaptive Honeypot starting
2025-11-26 07:50:38,089 INFO backend.app Adaptive Honeypot starting
2025-11-26 07:50:38,094 INFO backend.app Adaptive Honeypot starting
2025-11-26 07:50:38,154 INFO backend.app Adaptive Honeypot starting
2025-11-26 07:50:38,244 INFO backend.app Adaptive Honeypot starting
2025-11-26 07:50:38,244 INFO backend.app Adaptive Honeypot starting
2025-11-26 07:50:38,248 INFO backend.app Adaptive Honeypot starting
2025-11-26 07:50:38,386 INFO backend.app Adaptive Honeypot starting
2025-11-26 07:54:24,344 INFO backend.ml_engine Loaded RF model from /home/appuser/.config/AdaptiveHoneypot/models/rf_multiclass.pkl
2025-11-26 07:54:25,780 INFO backend.ml_engine Loaded XGB model from /home/appuser/.config/AdaptiveHoneypot/models/xgb_multiclass.pkl
2025-11-26 07:54:25,801 INFO backend.ml_engine Loaded label encoder from /home/appuser/.config/AdaptiveHoneypot/models/label_encoder.pkl
2025-11-26 07:54:25,803 WARNING backend.filter predict_text_label returned unexpected type <class 'str'> -> 'Web Attack - Sql Injection'
2025-11-26 07:54:38,808 ERROR backend.redis_bucket Failed to initialize Redis client: Error 111 connecting to 127.0.0.1:6379. Connection refused.
Traceback (most recent call last):
  File "/usr/local/lib/python3.12/site-packages/redis/connection.py", line 855, in connect_check_health
    sock = self.retry.call_with_retry(
           ^^^^^^^^^^^^^^^^^^^^^^^^^^^
  File "/usr/local/lib/python3.12/site-packages/redis/retry.py", line 116, in call_with_retry
    return do()
           ^^^^
  File "/usr/local/lib/python3.12/site-packages/redis/connection.py", line 856, in <lambda>
    lambda: self._connect(), lambda error: self.disconnect(error)
            ^^^^^^^^^^^^^^^
  File "/usr/local/lib/python3.12/site-packages/redis/connection.py", line 1306, in _connect
    raise err
  File "/usr/local/lib/python3.12/site-packages/redis/connection.py", line 1290, in _connect
    sock.connect(socket_address)
ConnectionRefusedError: [Errno 111] Connection refused

During handling of the above exception, another exception occurred:

Traceback (most recent call last):
  File "/app/backend/redis_bucket.py", line 81, in _get_redis
    _redis_client.ping()
  File "/usr/local/lib/python3.12/site-packages/redis/commands/core.py", line 1226, in ping
    return self.execute_command("PING", **kwargs)
           ^^^^^^^^^^^^^^^^^^^^^^^^^^^^^^^^^^^^^^
  File "/usr/local/lib/python3.12/site-packages/redis/client.py", line 657, in execute_command
    return self._execute_command(*args, **options)
           ^^^^^^^^^^^^^^^^^^^^^^^^^^^^^^^^^^^^^^^
  File "/usr/local/lib/python3.12/site-packages/redis/client.py", line 663, in _execute_command
    conn = self.connection or pool.get_connection()
                              ^^^^^^^^^^^^^^^^^^^^^
  File "/usr/local/lib/python3.12/site-packages/redis/utils.py", line 196, in wrapper
    return func(*args, **kwargs)
           ^^^^^^^^^^^^^^^^^^^^^
  File "/usr/local/lib/python3.12/site-packages/redis/connection.py", line 2603, in get_connection
    connection.connect()
  File "/usr/local/lib/python3.12/site-packages/redis/connection.py", line 846, in connect
    self.connect_check_health(check_health=True)
  File "/usr/local/lib/python3.12/site-packages/redis/connection.py", line 863, in connect_check_health
    raise ConnectionError(self._error_message(e))
redis.exceptions.ConnectionError: Error 111 connecting to 127.0.0.1:6379. Connection refused.
2025-11-26 07:55:21,587 INFO backend.ml_engine Loaded RF model from /home/appuser/.config/AdaptiveHoneypot/models/rf_multiclass.pkl
2025-11-26 07:55:21,811 INFO backend.ml_engine Loaded XGB model from /home/appuser/.config/AdaptiveHoneypot/models/xgb_multiclass.pkl
2025-11-26 07:55:21,819 INFO backend.ml_engine Loaded label encoder from /home/appuser/.config/AdaptiveHoneypot/models/label_encoder.pkl
2025-11-26 07:55:21,820 WARNING backend.filter predict_text_label returned unexpected type <class 'str'> -> 'Web Attack - Sql Injection'
2025-11-26 09:31:04,198 INFO backend.app Adaptive Honeypot starting
2025-11-26 09:31:04,198 INFO backend.app Adaptive Honeypot starting
2025-11-26 09:31:04,198 INFO backend.app Adaptive Honeypot starting
2025-11-26 09:31:04,198 INFO backend.app Adaptive Honeypot starting
2025-11-26 09:31:04,198 INFO backend.app Adaptive Honeypot starting
2025-11-26 09:31:04,199 INFO backend.app Adaptive Honeypot starting
2025-11-26 09:31:04,198 INFO backend.app Adaptive Honeypot starting
2025-11-26 09:31:04,198 INFO backend.app Adaptive Honeypot starting
2025-11-26 09:31:04,199 INFO backend.app Adaptive Honeypot starting
2025-11-26 09:31:04,199 INFO backend.app Adaptive Honeypot starting
2025-11-26 09:31:04,199 INFO backend.app Adaptive Honeypot starting
2025-11-26 09:31:04,199 INFO backend.app Adaptive Honeypot starting
2025-11-26 09:31:04,200 INFO backend.app Adaptive Honeypot starting
2025-11-26 09:31:04,198 INFO backend.app Adaptive Honeypot starting
2025-11-26 09:31:04,246 INFO backend.app Adaptive Honeypot starting
2025-11-26 09:31:04,246 INFO backend.app Adaptive Honeypot starting
2025-11-26 09:31:04,246 INFO backend.app Adaptive Honeypot starting
2025-11-26 09:32:48,004 INFO backend.ml_engine Loaded RF model from /home/appuser/.config/AdaptiveHoneypot/models/rf_multiclass.pkl
2025-11-26 09:32:49,206 INFO backend.ml_engine Loaded XGB model from /home/appuser/.config/AdaptiveHoneypot/models/xgb_multiclass.pkl
2025-11-26 09:32:49,226 INFO backend.ml_engine Loaded label encoder from /home/appuser/.config/AdaptiveHoneypot/models/label_encoder.pkl
2025-11-26 09:32:49,227 WARNING backend.filter predict_text_label returned unexpected type <class 'str'> -> 'Web Attack - Sql Injection'
2025-11-26 09:33:44,108 INFO backend.ml_engine Loaded RF model from /home/appuser/.config/AdaptiveHoneypot/models/rf_multiclass.pkl
2025-11-26 09:33:44,194 INFO backend.ml_engine Loaded XGB model from /home/appuser/.config/AdaptiveHoneypot/models/xgb_multiclass.pkl
2025-11-26 09:33:44,200 INFO backend.ml_engine Loaded label encoder from /home/appuser/.config/AdaptiveHoneypot/models/label_encoder.pkl
2025-11-26 09:33:44,200 WARNING backend.filter predict_text_label returned unexpected type <class 'str'> -> 'Web Attack - Sql Injection'
